<?xml version="1.0" encoding="UTF-8"?>
<!-- Generated by org.testng.reporters.JUnitXMLReporter -->
<testsuite ignored="0" hostname="LAPTOP-F60A8I5G" failures="0" tests="4" name="Test" time="14.647" errors="0" timestamp="2024-11-20T15:41:35 IST">
  <testcase classname="com.runnerclass.OpenMRS_Runner" name="invalidUserNameAndValidPassword" time="5.504"/>
  <testcase classname="com.runnerclass.OpenMRS_Runner" name="withoutClickingLocation" time="1.179"/>
  <testcase classname="com.runnerclass.OpenMRS_Runner" name="withoutUserNameAndPassword" time="2.182"/>
  <testcase classname="com.runnerclass.OpenMRS_Runner" name="validUserNameAndValidPasswordTest" time="3.502"/>
</testsuite> <!-- Test -->
